0 info it worked if it ends with ok
1 verbose cli [ '/usr/local/bin/node', '/usr/local/bin/npm', 'install' ]
2 info using npm@2.14.12
3 info using node@v4.3.0
4 verbose readDependencies loading dependencies from /Users/IlyaRogov/Documents/ТП/2016_1_MusicQuiz/package.json
5 warn package.json MusicQuiz@0.1.0 No repository field.
6 warn package.json MusicQuiz@0.1.0 No README data
7 warn package.json Dependency 'errorhandler' exists in both dependencies and devDependencies, using 'errorhandler@^1.4.3' from dependencies
8 verbose install where, deps [ '/Users/IlyaRogov/Documents/ТП/2016_1_MusicQuiz',
8 verbose install   [ 'errorhandler',
8 verbose install     'body-parser',
8 verbose install     'express',
8 verbose install     'grunt',
8 verbose install     'grunt-concurrent',
8 verbose install     'grunt-contrib-connect',
8 verbose install     'grunt-contrib-watch',
8 verbose install     'grunt-fest',
8 verbose install     'grunt-shell',
8 verbose install     'grunt-contrib-qunit',
8 verbose install     'qunit',
8 verbose install     'grunt-requirejs',
8 verbose install     'wavesurfer',
8 verbose install     'require' ] ]
9 verbose install where, peers [ '/Users/IlyaRogov/Documents/ТП/2016_1_MusicQuiz', [] ]
10 verbose installManyTop reading for lifecycle /Users/IlyaRogov/Documents/ТП/2016_1_MusicQuiz/package.json
11 info preinstall MusicQuiz@0.1.0
12 verbose installManyTop reading scoped package data from /Users/IlyaRogov/Documents/ТП/2016_1_MusicQuiz/node_modules/body-parser/package.json
13 verbose installManyTop reading scoped package data from /Users/IlyaRogov/Documents/ТП/2016_1_MusicQuiz/node_modules/errorhandler/package.json
14 verbose installManyTop reading scoped package data from /Users/IlyaRogov/Documents/ТП/2016_1_MusicQuiz/node_modules/express/package.json
15 verbose installManyTop reading scoped package data from /Users/IlyaRogov/Documents/ТП/2016_1_MusicQuiz/node_modules/grunt/package.json
16 verbose installManyTop reading scoped package data from /Users/IlyaRogov/Documents/ТП/2016_1_MusicQuiz/node_modules/grunt-concurrent/package.json
17 verbose installManyTop reading scoped package data from /Users/IlyaRogov/Documents/ТП/2016_1_MusicQuiz/node_modules/grunt-contrib-connect/package.json
18 verbose installManyTop reading scoped package data from /Users/IlyaRogov/Documents/ТП/2016_1_MusicQuiz/node_modules/grunt-contrib-qunit/package.json
19 verbose installManyTop reading scoped package data from /Users/IlyaRogov/Documents/ТП/2016_1_MusicQuiz/node_modules/grunt-contrib-watch/package.json
20 verbose installManyTop reading scoped package data from /Users/IlyaRogov/Documents/ТП/2016_1_MusicQuiz/node_modules/grunt-fest/package.json
21 verbose installManyTop reading scoped package data from /Users/IlyaRogov/Documents/ТП/2016_1_MusicQuiz/node_modules/grunt-requirejs/package.json
22 verbose installManyTop reading scoped package data from /Users/IlyaRogov/Documents/ТП/2016_1_MusicQuiz/node_modules/grunt-shell/package.json
23 verbose installManyTop reading scoped package data from /Users/IlyaRogov/Documents/ТП/2016_1_MusicQuiz/node_modules/qunit/package.json
24 verbose installManyTop reading scoped package data from /Users/IlyaRogov/Documents/ТП/2016_1_MusicQuiz/node_modules/require/package.json
25 verbose installManyTop reading scoped package data from /Users/IlyaRogov/Documents/ТП/2016_1_MusicQuiz/node_modules/waveform-data/package.json
26 verbose installManyTop reading scoped package data from /Users/IlyaRogov/Documents/ТП/2016_1_MusicQuiz/node_modules/wavesurfer.js/package.json
27 info package.json grunt@0.4.5 No license field.
28 info package.json grunt-contrib-watch@0.6.1 No license field.
29 info package.json grunt-requirejs@0.4.2 No license field.
30 info package.json grunt-fest@0.1.6 No license field.
31 info package.json qunit@0.9.1 No license field.
32 info package.json require@2.4.20 No license field.
33 verbose readDependencies loading dependencies from /Users/IlyaRogov/Documents/ТП/2016_1_MusicQuiz/package.json
34 verbose targetResolver reading package data from /Users/IlyaRogov/Documents/ТП/2016_1_MusicQuiz/node_modules/body-parser/package.json
35 verbose targetResolver reading package data from /Users/IlyaRogov/Documents/ТП/2016_1_MusicQuiz/node_modules/errorhandler/package.json
36 verbose targetResolver reading package data from /Users/IlyaRogov/Documents/ТП/2016_1_MusicQuiz/node_modules/express/package.json
37 verbose targetResolver reading package data from /Users/IlyaRogov/Documents/ТП/2016_1_MusicQuiz/node_modules/grunt/package.json
38 verbose targetResolver reading package data from /Users/IlyaRogov/Documents/ТП/2016_1_MusicQuiz/node_modules/grunt-concurrent/package.json
39 verbose targetResolver reading package data from /Users/IlyaRogov/Documents/ТП/2016_1_MusicQuiz/node_modules/grunt-contrib-connect/package.json
40 verbose targetResolver reading package data from /Users/IlyaRogov/Documents/ТП/2016_1_MusicQuiz/node_modules/grunt-contrib-qunit/package.json
41 verbose targetResolver reading package data from /Users/IlyaRogov/Documents/ТП/2016_1_MusicQuiz/node_modules/grunt-contrib-watch/package.json
42 verbose targetResolver reading package data from /Users/IlyaRogov/Documents/ТП/2016_1_MusicQuiz/node_modules/grunt-fest/package.json
43 verbose targetResolver reading package data from /Users/IlyaRogov/Documents/ТП/2016_1_MusicQuiz/node_modules/grunt-requirejs/package.json
44 verbose targetResolver reading package data from /Users/IlyaRogov/Documents/ТП/2016_1_MusicQuiz/node_modules/grunt-shell/package.json
45 verbose targetResolver reading package data from /Users/IlyaRogov/Documents/ТП/2016_1_MusicQuiz/node_modules/qunit/package.json
46 verbose targetResolver reading package data from /Users/IlyaRogov/Documents/ТП/2016_1_MusicQuiz/node_modules/require/package.json
47 verbose targetResolver reading package data from /Users/IlyaRogov/Documents/ТП/2016_1_MusicQuiz/node_modules/waveform-data/package.json
48 verbose targetResolver reading package data from /Users/IlyaRogov/Documents/ТП/2016_1_MusicQuiz/node_modules/wavesurfer.js/package.json
49 verbose targetResolver reading package data from /Users/IlyaRogov/Documents/ТП/2016_1_MusicQuiz/node_modules/.bin/qunit/package.json
50 verbose targetResolver reading package data from /Users/IlyaRogov/Documents/ТП/2016_1_MusicQuiz/node_modules/.bin/require/package.json
51 verbose already installed skipping grunt-concurrent@^2.2.1 /Users/IlyaRogov/Documents/ТП/2016_1_MusicQuiz
52 verbose already installed skipping grunt-contrib-connect@^0.11.2 /Users/IlyaRogov/Documents/ТП/2016_1_MusicQuiz
53 verbose already installed skipping grunt-contrib-watch@^0.6.1 /Users/IlyaRogov/Documents/ТП/2016_1_MusicQuiz
54 verbose already installed skipping grunt-fest@^0.1.6 /Users/IlyaRogov/Documents/ТП/2016_1_MusicQuiz
55 verbose already installed skipping grunt-shell@^1.1.2 /Users/IlyaRogov/Documents/ТП/2016_1_MusicQuiz
56 verbose already installed skipping grunt-contrib-qunit@^1.1.0 /Users/IlyaRogov/Documents/ТП/2016_1_MusicQuiz
57 verbose already installed skipping qunit@^0.9.0 /Users/IlyaRogov/Documents/ТП/2016_1_MusicQuiz
58 verbose already installed skipping grunt-requirejs@^0.4.2 /Users/IlyaRogov/Documents/ТП/2016_1_MusicQuiz
59 silly cache add args [ 'wavesurfer@^1.1.0', null ]
60 verbose cache add spec wavesurfer@^1.1.0
61 silly cache add parsed spec Result {
61 silly cache add   raw: 'wavesurfer@^1.1.0',
61 silly cache add   scope: null,
61 silly cache add   name: 'wavesurfer',
61 silly cache add   rawSpec: '^1.1.0',
61 silly cache add   spec: '>=1.1.0 <2.0.0',
61 silly cache add   type: 'range' }
62 silly addNamed wavesurfer@>=1.1.0 <2.0.0
63 verbose addNamed ">=1.1.0 <2.0.0" is a valid semver range for wavesurfer
64 silly addNameRange { name: 'wavesurfer', range: '>=1.1.0 <2.0.0', hasData: false }
65 silly mapToRegistry name wavesurfer
66 silly mapToRegistry using default registry
67 silly mapToRegistry registry https://registry.npmjs.org/
68 silly mapToRegistry uri https://registry.npmjs.org/wavesurfer
69 verbose addNameRange registry:https://registry.npmjs.org/wavesurfer not in flight; fetching
70 verbose already installed skipping require@^2.4.20 /Users/IlyaRogov/Documents/ТП/2016_1_MusicQuiz
71 verbose already installed skipping errorhandler@^1.4.3 /Users/IlyaRogov/Documents/ТП/2016_1_MusicQuiz
72 verbose already installed skipping body-parser@^1.14.2 /Users/IlyaRogov/Documents/ТП/2016_1_MusicQuiz
73 verbose already installed skipping express@^4.13.4 /Users/IlyaRogov/Documents/ТП/2016_1_MusicQuiz
74 verbose already installed skipping grunt@^0.4.5 /Users/IlyaRogov/Documents/ТП/2016_1_MusicQuiz
75 verbose request uri https://registry.npmjs.org/wavesurfer
76 verbose request no auth needed
77 info attempt registry request try #1 at 19:51:25
78 verbose request id 7ea56122d279a78b
79 http request GET https://registry.npmjs.org/wavesurfer
80 http 404 https://registry.npmjs.org/wavesurfer
81 verbose headers { server: 'CouchDB/1.5.0 (Erlang OTP/R16B03)',
81 verbose headers   etag: '"5Q016B702O7BV2WFG4JEOFAHX"',
81 verbose headers   'content-type': 'application/json',
81 verbose headers   'cache-control': 'max-age=0',
81 verbose headers   'content-length': '295',
81 verbose headers   'accept-ranges': 'bytes',
81 verbose headers   date: 'Tue, 19 Apr 2016 16:51:26 GMT',
81 verbose headers   via: '1.1 varnish',
81 verbose headers   age: '0',
81 verbose headers   connection: 'keep-alive',
81 verbose headers   'x-served-by': 'cache-ams4140-AMS',
81 verbose headers   'x-cache': 'MISS',
81 verbose headers   'x-cache-hits': '0',
81 verbose headers   'x-timer': 'S1461084685.918415,VS0,VE723',
81 verbose headers   vary: 'Accept-Encoding' }
82 silly get cb [ 404,
82 silly get   { server: 'CouchDB/1.5.0 (Erlang OTP/R16B03)',
82 silly get     etag: '"5Q016B702O7BV2WFG4JEOFAHX"',
82 silly get     'content-type': 'application/json',
82 silly get     'cache-control': 'max-age=0',
82 silly get     'content-length': '295',
82 silly get     'accept-ranges': 'bytes',
82 silly get     date: 'Tue, 19 Apr 2016 16:51:26 GMT',
82 silly get     via: '1.1 varnish',
82 silly get     age: '0',
82 silly get     connection: 'keep-alive',
82 silly get     'x-served-by': 'cache-ams4140-AMS',
82 silly get     'x-cache': 'MISS',
82 silly get     'x-cache-hits': '0',
82 silly get     'x-timer': 'S1461084685.918415,VS0,VE723',
82 silly get     vary: 'Accept-Encoding' } ]
83 verbose stack Error: Registry returned 404 for GET on https://registry.npmjs.org/wavesurfer
83 verbose stack     at makeError (/usr/local/lib/node_modules/npm/node_modules/npm-registry-client/lib/request.js:264:12)
83 verbose stack     at CachingRegistryClient.<anonymous> (/usr/local/lib/node_modules/npm/node_modules/npm-registry-client/lib/request.js:242:14)
83 verbose stack     at Request._callback (/usr/local/lib/node_modules/npm/node_modules/npm-registry-client/lib/request.js:172:14)
83 verbose stack     at Request.self.callback (/usr/local/lib/node_modules/npm/node_modules/request/request.js:198:22)
83 verbose stack     at emitTwo (events.js:87:13)
83 verbose stack     at Request.emit (events.js:172:7)
83 verbose stack     at Request.<anonymous> (/usr/local/lib/node_modules/npm/node_modules/request/request.js:1082:10)
83 verbose stack     at emitOne (events.js:82:20)
83 verbose stack     at Request.emit (events.js:169:7)
83 verbose stack     at IncomingMessage.<anonymous> (/usr/local/lib/node_modules/npm/node_modules/request/request.js:1009:12)
84 verbose statusCode 404
85 verbose pkgid wavesurfer
86 verbose cwd /Users/IlyaRogov/Documents/ТП/2016_1_MusicQuiz
87 error Darwin 14.5.0
88 error argv "/usr/local/bin/node" "/usr/local/bin/npm" "install"
89 error node v4.3.0
90 error npm  v2.14.12
91 error code E404
92 error 404 Registry returned 404 for GET on https://registry.npmjs.org/wavesurfer
92 error 404
92 error 404 'wavesurfer' is not in the npm registry.
92 error 404 You should bug the author to publish it (or use the name yourself!)
92 error 404 It was specified as a dependency of 'MusicQuiz'
92 error 404
92 error 404 Note that you can also install from a
92 error 404 tarball, folder, http url, or git url.
93 verbose exit [ 1, true ]
